2025/03/15 10:13:09 [emerg] 1#1: host not found in upstream "php-fpm" in /etc/nginx/conf.d/default.conf:16
2025/03/15 10:13:09 [emerg] 1#1: host not found in upstream "php-fpm" in /etc/nginx/conf.d/default.conf:16
2025/03/15 10:13:10 [emerg] 1#1: host not found in upstream "php-fpm" in /etc/nginx/conf.d/default.conf:16
2025/03/15 10:13:10 [emerg] 1#1: host not found in upstream "php-fpm" in /etc/nginx/conf.d/default.conf:16
2025/03/15 10:13:11 [emerg] 1#1: host not found in upstream "php-fpm" in /etc/nginx/conf.d/default.conf:16
2025/03/15 10:13:13 [emerg] 1#1: host not found in upstream "php-fpm" in /etc/nginx/conf.d/default.conf:16
2025/03/15 10:13:16 [emerg] 1#1: host not found in upstream "php-fpm" in /etc/nginx/conf.d/default.conf:16
2025/03/15 10:13:23 [emerg] 1#1: host not found in upstream "php-fpm" in /etc/nginx/conf.d/default.conf:16
2025/03/15 10:13:36 [emerg] 1#1: host not found in upstream "php-fpm" in /etc/nginx/conf.d/default.conf:16
2025/03/15 10:14:01 [emerg] 1#1: host not found in upstream "php-fpm" in /etc/nginx/conf.d/default.conf:16
2025/03/15 10:14:53 [emerg] 1#1: host not found in upstream "php-fpm" in /etc/nginx/conf.d/default.conf:16
2025/03/15 10:15:53 [emerg] 1#1: host not found in upstream "php-fpm" in /etc/nginx/conf.d/default.conf:16
2025/03/15 10:26:10 [notice] 1#1: using the "epoll" event method
2025/03/15 10:26:10 [notice] 1#1: nginx/1.27.4
2025/03/15 10:26:10 [notice] 1#1: built by gcc 14.2.0 (Alpine 14.2.0) 
2025/03/15 10:26:10 [notice] 1#1: OS: Linux 6.12.5-linuxkit
2025/03/15 10:26:10 [notice] 1#1: getrlimit(RLIMIT_NOFILE): 1048576:1048576
2025/03/15 10:26:10 [notice] 1#1: start worker processes
2025/03/15 10:26:10 [notice] 1#1: start worker process 29
2025/03/15 10:26:10 [notice] 1#1: start worker process 30
2025/03/15 10:26:10 [notice] 1#1: start worker process 31
2025/03/15 10:26:10 [notice] 1#1: start worker process 32
2025/03/15 10:26:10 [notice] 1#1: start worker process 33
2025/03/15 10:26:10 [notice] 1#1: start worker process 34
2025/03/15 10:26:10 [notice] 1#1: start worker process 35
2025/03/15 10:26:10 [notice] 1#1: start worker process 36
2025/03/15 10:26:10 [notice] 1#1: start worker process 37
2025/03/15 10:26:10 [notice] 1#1: start worker process 38
2025/03/15 10:26:10 [notice] 1#1: start worker process 39
2025/03/15 10:26:10 [notice] 1#1: start worker process 40
2025/03/15 12:21:09 [notice] 1#1: signal 3 (SIGQUIT) received, shutting down
2025/03/15 12:21:09 [notice] 29#29: gracefully shutting down
2025/03/15 12:21:09 [notice] 36#36: gracefully shutting down
2025/03/15 12:21:09 [notice] 31#31: gracefully shutting down
2025/03/15 12:21:09 [notice] 30#30: gracefully shutting down
2025/03/15 12:21:09 [notice] 32#32: gracefully shutting down
2025/03/15 12:21:09 [notice] 33#33: gracefully shutting down
2025/03/15 12:21:09 [notice] 34#34: gracefully shutting down
2025/03/15 12:21:09 [notice] 39#39: gracefully shutting down
2025/03/15 12:21:09 [notice] 34#34: exiting
2025/03/15 12:21:09 [notice] 37#37: gracefully shutting down
2025/03/15 12:21:09 [notice] 38#38: gracefully shutting down
2025/03/15 12:21:09 [notice] 37#37: exiting
2025/03/15 12:21:09 [notice] 35#35: gracefully shutting down
2025/03/15 12:21:09 [notice] 40#40: gracefully shutting down
2025/03/15 12:21:09 [notice] 35#35: exiting
2025/03/15 12:21:09 [notice] 29#29: exiting
2025/03/15 12:21:09 [notice] 40#40: exiting
2025/03/15 12:21:09 [notice] 36#36: exiting
2025/03/15 12:21:09 [notice] 29#29: exit
2025/03/15 12:21:09 [notice] 31#31: exiting
2025/03/15 12:21:09 [notice] 30#30: exiting
2025/03/15 12:21:09 [notice] 32#32: exiting
2025/03/15 12:21:09 [notice] 30#30: exit
2025/03/15 12:21:09 [notice] 33#33: exiting
2025/03/15 12:21:09 [notice] 39#39: exiting
2025/03/15 12:21:09 [notice] 33#33: exit
2025/03/15 12:21:09 [notice] 34#34: exit
2025/03/15 12:21:09 [notice] 38#38: exiting
2025/03/15 12:21:09 [notice] 37#37: exit
2025/03/15 12:21:09 [notice] 35#35: exit
2025/03/15 12:21:09 [notice] 40#40: exit
2025/03/15 12:21:09 [notice] 36#36: exit
2025/03/15 12:21:09 [notice] 31#31: exit
2025/03/15 12:21:09 [notice] 32#32: exit
2025/03/15 12:21:09 [notice] 39#39: exit
2025/03/15 12:21:09 [notice] 38#38: exit
2025/03/15 12:21:09 [notice] 1#1: signal 17 (SIGCHLD) received from 34
2025/03/15 12:21:09 [notice] 1#1: worker process 34 exited with code 0
2025/03/15 12:21:09 [notice] 1#1: signal 29 (SIGIO) received
2025/03/15 12:21:09 [notice] 1#1: signal 17 (SIGCHLD) received from 31
2025/03/15 12:21:09 [notice] 1#1: worker process 30 exited with code 0
2025/03/15 12:21:09 [notice] 1#1: worker process 31 exited with code 0
2025/03/15 12:21:09 [notice] 1#1: worker process 33 exited with code 0
2025/03/15 12:21:09 [notice] 1#1: worker process 35 exited with code 0
2025/03/15 12:21:09 [notice] 1#1: worker process 36 exited with code 0
2025/03/15 12:21:09 [notice] 1#1: worker process 37 exited with code 0
2025/03/15 12:21:09 [notice] 1#1: worker process 38 exited with code 0
2025/03/15 12:21:09 [notice] 1#1: worker process 39 exited with code 0
2025/03/15 12:21:09 [notice] 1#1: signal 29 (SIGIO) received
2025/03/15 12:21:09 [notice] 1#1: signal 17 (SIGCHLD) received from 39
2025/03/15 12:21:09 [notice] 1#1: signal 17 (SIGCHLD) received from 29
2025/03/15 12:21:09 [notice] 1#1: worker process 29 exited with code 0
2025/03/15 12:21:09 [notice] 1#1: worker process 32 exited with code 0
2025/03/15 12:21:09 [notice] 1#1: worker process 40 exited with code 0
2025/03/15 12:21:09 [notice] 1#1: exit
2025/03/15 12:21:11 [notice] 1#1: using the "epoll" event method
2025/03/15 12:21:11 [notice] 1#1: nginx/1.27.4
2025/03/15 12:21:11 [notice] 1#1: built by gcc 14.2.0 (Alpine 14.2.0) 
2025/03/15 12:21:11 [notice] 1#1: OS: Linux 6.12.5-linuxkit
2025/03/15 12:21:11 [notice] 1#1: getrlimit(RLIMIT_NOFILE): 1048576:1048576
2025/03/15 12:21:11 [notice] 1#1: start worker processes
2025/03/15 12:21:11 [notice] 1#1: start worker process 29
2025/03/15 12:21:11 [notice] 1#1: start worker process 30
2025/03/15 12:21:11 [notice] 1#1: start worker process 31
2025/03/15 12:21:11 [notice] 1#1: start worker process 32
2025/03/15 12:21:11 [notice] 1#1: start worker process 33
2025/03/15 12:21:11 [notice] 1#1: start worker process 34
2025/03/15 12:21:11 [notice] 1#1: start worker process 35
2025/03/15 12:21:11 [notice] 1#1: start worker process 36
2025/03/15 12:21:11 [notice] 1#1: start worker process 37
2025/03/15 12:21:11 [notice] 1#1: start worker process 38
2025/03/15 12:21:11 [notice] 1#1: start worker process 39
2025/03/15 12:21:11 [notice] 1#1: start worker process 40
2025/03/15 12:43:06 [notice] 1#1: signal 3 (SIGQUIT) received, shutting down
2025/03/15 12:43:06 [notice] 32#32: gracefully shutting down
2025/03/15 12:43:06 [notice] 31#31: gracefully shutting down
2025/03/15 12:43:06 [notice] 29#29: gracefully shutting down
2025/03/15 12:43:06 [notice] 35#35: gracefully shutting down
2025/03/15 12:43:06 [notice] 35#35: exiting
2025/03/15 12:43:06 [notice] 34#34: gracefully shutting down
2025/03/15 12:43:06 [notice] 35#35: exit
2025/03/15 12:43:06 [notice] 37#37: gracefully shutting down
2025/03/15 12:43:06 [notice] 37#37: exiting
2025/03/15 12:43:06 [notice] 30#30: gracefully shutting down
2025/03/15 12:43:06 [notice] 30#30: exiting
2025/03/15 12:43:06 [notice] 38#38: gracefully shutting down
2025/03/15 12:43:06 [notice] 38#38: exiting
2025/03/15 12:43:06 [notice] 33#33: gracefully shutting down
2025/03/15 12:43:06 [notice] 38#38: exit
2025/03/15 12:43:06 [notice] 39#39: gracefully shutting down
2025/03/15 12:43:06 [notice] 40#40: gracefully shutting down
2025/03/15 12:43:06 [notice] 40#40: exiting
2025/03/15 12:43:06 [notice] 36#36: gracefully shutting down
2025/03/15 12:43:06 [notice] 32#32: exiting
2025/03/15 12:43:06 [notice] 31#31: exiting
2025/03/15 12:43:06 [notice] 32#32: exit
2025/03/15 12:43:06 [notice] 29#29: exiting
2025/03/15 12:43:06 [notice] 34#34: exiting
2025/03/15 12:43:06 [notice] 37#37: exit
2025/03/15 12:43:06 [notice] 34#34: exit
2025/03/15 12:43:06 [notice] 30#30: exit
2025/03/15 12:43:06 [notice] 33#33: exiting
2025/03/15 12:43:06 [notice] 39#39: exiting
2025/03/15 12:43:06 [notice] 40#40: exit
2025/03/15 12:43:06 [notice] 39#39: exit
2025/03/15 12:43:06 [notice] 36#36: exiting
2025/03/15 12:43:06 [notice] 31#31: exit
2025/03/15 12:43:06 [notice] 36#36: exit
2025/03/15 12:43:06 [notice] 29#29: exit
2025/03/15 12:43:06 [notice] 33#33: exit
2025/03/15 12:43:06 [notice] 1#1: signal 17 (SIGCHLD) received from 38
2025/03/15 12:43:06 [notice] 1#1: worker process 38 exited with code 0
2025/03/15 12:43:06 [notice] 1#1: signal 29 (SIGIO) received
2025/03/15 12:43:06 [notice] 1#1: signal 17 (SIGCHLD) received from 35
2025/03/15 12:43:06 [notice] 1#1: worker process 29 exited with code 0
2025/03/15 12:43:06 [notice] 1#1: worker process 35 exited with code 0
2025/03/15 12:43:06 [notice] 1#1: worker process 40 exited with code 0
2025/03/15 12:43:06 [notice] 1#1: signal 29 (SIGIO) received
2025/03/15 12:43:06 [notice] 1#1: signal 17 (SIGCHLD) received from 29
2025/03/15 12:43:06 [notice] 1#1: signal 17 (SIGCHLD) received from 34
2025/03/15 12:43:06 [notice] 1#1: worker process 34 exited with code 0
2025/03/15 12:43:06 [notice] 1#1: worker process 37 exited with code 0
2025/03/15 12:43:06 [notice] 1#1: signal 29 (SIGIO) received
2025/03/15 12:43:06 [notice] 1#1: signal 17 (SIGCHLD) received from 37
2025/03/15 12:43:06 [notice] 1#1: signal 17 (SIGCHLD) received from 30
2025/03/15 12:43:06 [notice] 1#1: worker process 30 exited with code 0
2025/03/15 12:43:06 [notice] 1#1: worker process 31 exited with code 0
2025/03/15 12:43:06 [notice] 1#1: worker process 32 exited with code 0
2025/03/15 12:43:06 [notice] 1#1: worker process 33 exited with code 0
2025/03/15 12:43:06 [notice] 1#1: worker process 36 exited with code 0
2025/03/15 12:43:06 [notice] 1#1: worker process 39 exited with code 0
2025/03/15 12:43:06 [notice] 1#1: exit
2025/03/15 12:43:31 [notice] 1#1: using the "epoll" event method
2025/03/15 12:43:31 [notice] 1#1: nginx/1.27.4
2025/03/15 12:43:31 [notice] 1#1: built by gcc 14.2.0 (Alpine 14.2.0) 
2025/03/15 12:43:31 [notice] 1#1: OS: Linux 6.12.5-linuxkit
2025/03/15 12:43:31 [notice] 1#1: getrlimit(RLIMIT_NOFILE): 1048576:1048576
2025/03/15 12:43:31 [notice] 1#1: start worker processes
2025/03/15 12:43:31 [notice] 1#1: start worker process 29
2025/03/15 12:43:31 [notice] 1#1: start worker process 30
2025/03/15 12:43:31 [notice] 1#1: start worker process 31
2025/03/15 12:43:31 [notice] 1#1: start worker process 32
2025/03/15 12:43:31 [notice] 1#1: start worker process 33
2025/03/15 12:43:31 [notice] 1#1: start worker process 34
2025/03/15 12:43:31 [notice] 1#1: start worker process 35
2025/03/15 12:43:31 [notice] 1#1: start worker process 36
2025/03/15 12:43:31 [notice] 1#1: start worker process 37
2025/03/15 12:43:31 [notice] 1#1: start worker process 38
2025/03/15 12:43:31 [notice] 1#1: start worker process 39
2025/03/15 12:43:31 [notice] 1#1: start worker process 40
2025/03/15 14:28:13 [notice] 1#1: using the "epoll" event method
2025/03/15 14:28:13 [notice] 1#1: nginx/1.27.4
2025/03/15 14:28:13 [notice] 1#1: built by gcc 14.2.0 (Alpine 14.2.0) 
2025/03/15 14:28:13 [notice] 1#1: OS: Linux 6.12.5-linuxkit
2025/03/15 14:28:13 [notice] 1#1: getrlimit(RLIMIT_NOFILE): 1048576:1048576
2025/03/15 14:28:13 [notice] 1#1: start worker processes
2025/03/15 14:28:13 [notice] 1#1: start worker process 29
2025/03/15 14:28:13 [notice] 1#1: start worker process 30
2025/03/15 14:28:13 [notice] 1#1: start worker process 31
2025/03/15 14:28:13 [notice] 1#1: start worker process 32
2025/03/15 14:28:13 [notice] 1#1: start worker process 33
2025/03/15 14:28:13 [notice] 1#1: start worker process 34
2025/03/15 14:28:13 [notice] 1#1: start worker process 35
2025/03/15 14:28:13 [notice] 1#1: start worker process 36
2025/03/15 14:28:13 [notice] 1#1: start worker process 37
2025/03/15 14:28:13 [notice] 1#1: start worker process 38
2025/03/15 14:28:13 [notice] 1#1: start worker process 39
2025/03/15 14:28:13 [notice] 1#1: start worker process 40
2025/03/15 14:33:10 [notice] 1#1: signal 3 (SIGQUIT) received, shutting down
2025/03/15 14:33:10 [notice] 29#29: gracefully shutting down
2025/03/15 14:33:10 [notice] 40#40: gracefully shutting down
2025/03/15 14:33:10 [notice] 31#31: gracefully shutting down
2025/03/15 14:33:10 [notice] 31#31: exiting
2025/03/15 14:33:10 [notice] 34#34: gracefully shutting down
2025/03/15 14:33:10 [notice] 34#34: exiting
2025/03/15 14:33:10 [notice] 32#32: gracefully shutting down
2025/03/15 14:33:10 [notice] 33#33: gracefully shutting down
2025/03/15 14:33:10 [notice] 33#33: exiting
2025/03/15 14:33:10 [notice] 30#30: gracefully shutting down
2025/03/15 14:33:10 [notice] 30#30: exiting
2025/03/15 14:33:10 [notice] 39#39: gracefully shutting down
2025/03/15 14:33:10 [notice] 37#37: gracefully shutting down
2025/03/15 14:33:10 [notice] 36#36: gracefully shutting down
2025/03/15 14:33:10 [notice] 36#36: exiting
2025/03/15 14:33:10 [notice] 35#35: gracefully shutting down
2025/03/15 14:33:10 [notice] 35#35: exiting
2025/03/15 14:33:10 [notice] 38#38: gracefully shutting down
2025/03/15 14:33:10 [notice] 29#29: exiting
2025/03/15 14:33:10 [notice] 40#40: exiting
2025/03/15 14:33:10 [notice] 31#31: exit
2025/03/15 14:33:10 [notice] 34#34: exit
2025/03/15 14:33:10 [notice] 40#40: exit
2025/03/15 14:33:10 [notice] 32#32: exiting
2025/03/15 14:33:10 [notice] 33#33: exit
2025/03/15 14:33:10 [notice] 30#30: exit
2025/03/15 14:33:10 [notice] 39#39: exiting
2025/03/15 14:33:10 [notice] 37#37: exiting
2025/03/15 14:33:10 [notice] 36#36: exit
2025/03/15 14:33:10 [notice] 37#37: exit
2025/03/15 14:33:10 [notice] 35#35: exit
2025/03/15 14:33:10 [notice] 38#38: exiting
2025/03/15 14:33:10 [notice] 29#29: exit
2025/03/15 14:33:10 [notice] 38#38: exit
2025/03/15 14:33:10 [notice] 32#32: exit
2025/03/15 14:33:10 [notice] 39#39: exit
2025/03/15 14:33:10 [notice] 1#1: signal 17 (SIGCHLD) received from 40
2025/03/15 14:33:10 [notice] 1#1: worker process 31 exited with code 0
2025/03/15 14:33:10 [notice] 1#1: worker process 32 exited with code 0
2025/03/15 14:33:10 [notice] 1#1: worker process 35 exited with code 0
2025/03/15 14:33:10 [notice] 1#1: worker process 40 exited with code 0
2025/03/15 14:33:10 [notice] 1#1: signal 29 (SIGIO) received
2025/03/15 14:33:10 [notice] 1#1: signal 17 (SIGCHLD) received from 31
2025/03/15 14:33:10 [notice] 1#1: signal 17 (SIGCHLD) received from 33
2025/03/15 14:33:10 [notice] 1#1: worker process 29 exited with code 0
2025/03/15 14:33:10 [notice] 1#1: worker process 33 exited with code 0
2025/03/15 14:33:10 [notice] 1#1: worker process 34 exited with code 0
2025/03/15 14:33:10 [notice] 1#1: signal 29 (SIGIO) received
2025/03/15 14:33:10 [notice] 1#1: signal 17 (SIGCHLD) received from 34
2025/03/15 14:33:10 [notice] 1#1: signal 17 (SIGCHLD) received from 38
2025/03/15 14:33:10 [notice] 1#1: worker process 38 exited with code 0
2025/03/15 14:33:10 [notice] 1#1: worker process 39 exited with code 0
2025/03/15 14:33:10 [notice] 1#1: worker process 30 exited with code 0
2025/03/15 14:33:10 [notice] 1#1: worker process 36 exited with code 0
2025/03/15 14:33:10 [notice] 1#1: worker process 37 exited with code 0
2025/03/15 14:33:10 [notice] 1#1: exit
2025/03/15 14:33:24 [notice] 1#1: using the "epoll" event method
2025/03/15 14:33:24 [notice] 1#1: nginx/1.27.4
2025/03/15 14:33:24 [notice] 1#1: built by gcc 14.2.0 (Alpine 14.2.0) 
2025/03/15 14:33:24 [notice] 1#1: OS: Linux 6.12.5-linuxkit
2025/03/15 14:33:24 [notice] 1#1: getrlimit(RLIMIT_NOFILE): 1048576:1048576
2025/03/15 14:33:24 [notice] 1#1: start worker processes
2025/03/15 14:33:24 [notice] 1#1: start worker process 29
2025/03/15 14:33:24 [notice] 1#1: start worker process 30
2025/03/15 14:33:24 [notice] 1#1: start worker process 31
2025/03/15 14:33:24 [notice] 1#1: start worker process 32
2025/03/15 14:33:24 [notice] 1#1: start worker process 33
2025/03/15 14:33:24 [notice] 1#1: start worker process 34
2025/03/15 14:33:24 [notice] 1#1: start worker process 35
2025/03/15 14:33:24 [notice] 1#1: start worker process 36
2025/03/15 14:33:24 [notice] 1#1: start worker process 37
2025/03/15 14:33:24 [notice] 1#1: start worker process 38
2025/03/15 14:33:24 [notice] 1#1: start worker process 39
2025/03/15 14:33:24 [notice] 1#1: start worker process 40
2025/03/15 14:49:40 [notice] 1#1: signal 3 (SIGQUIT) received, shutting down
2025/03/15 14:49:40 [notice] 29#29: gracefully shutting down
2025/03/15 14:49:40 [notice] 31#31: gracefully shutting down
2025/03/15 14:49:40 [notice] 34#34: gracefully shutting down
2025/03/15 14:49:40 [notice] 35#35: gracefully shutting down
2025/03/15 14:49:40 [notice] 33#33: gracefully shutting down
2025/03/15 14:49:40 [notice] 30#30: gracefully shutting down
2025/03/15 14:49:40 [notice] 32#32: gracefully shutting down
2025/03/15 14:49:40 [notice] 32#32: exiting
2025/03/15 14:49:40 [notice] 36#36: gracefully shutting down
2025/03/15 14:49:40 [notice] 36#36: exiting
2025/03/15 14:49:40 [notice] 39#39: gracefully shutting down
2025/03/15 14:49:40 [notice] 36#36: exit
2025/03/15 14:49:40 [notice] 40#40: gracefully shutting down
2025/03/15 14:49:40 [notice] 37#37: gracefully shutting down
2025/03/15 14:49:40 [notice] 38#38: gracefully shutting down
2025/03/15 14:49:40 [notice] 29#29: exiting
2025/03/15 14:49:40 [notice] 31#31: exiting
2025/03/15 14:49:40 [notice] 29#29: exit
2025/03/15 14:49:40 [notice] 34#34: exiting
2025/03/15 14:49:40 [notice] 35#35: exiting
2025/03/15 14:49:40 [notice] 34#34: exit
2025/03/15 14:49:40 [notice] 33#33: exiting
2025/03/15 14:49:40 [notice] 33#33: exit
2025/03/15 14:49:40 [notice] 30#30: exiting
2025/03/15 14:49:40 [notice] 32#32: exit
2025/03/15 14:49:40 [notice] 30#30: exit
2025/03/15 14:49:40 [notice] 39#39: exiting
2025/03/15 14:49:40 [notice] 40#40: exiting
2025/03/15 14:49:40 [notice] 37#37: exiting
2025/03/15 14:49:40 [notice] 38#38: exiting
2025/03/15 14:49:40 [notice] 37#37: exit
2025/03/15 14:49:40 [notice] 31#31: exit
2025/03/15 14:49:40 [notice] 35#35: exit
2025/03/15 14:49:40 [notice] 39#39: exit
2025/03/15 14:49:40 [notice] 40#40: exit
2025/03/15 14:49:40 [notice] 38#38: exit
2025/03/15 14:49:40 [notice] 1#1: signal 17 (SIGCHLD) received from 36
2025/03/15 14:49:40 [notice] 1#1: worker process 35 exited with code 0
2025/03/15 14:49:40 [notice] 1#1: worker process 36 exited with code 0
2025/03/15 14:49:40 [notice] 1#1: signal 29 (SIGIO) received
2025/03/15 14:49:40 [notice] 1#1: signal 17 (SIGCHLD) received from 38
2025/03/15 14:49:40 [notice] 1#1: worker process 31 exited with code 0
2025/03/15 14:49:40 [notice] 1#1: worker process 38 exited with code 0
2025/03/15 14:49:40 [notice] 1#1: worker process 39 exited with code 0
2025/03/15 14:49:40 [notice] 1#1: signal 29 (SIGIO) received
2025/03/15 14:49:40 [notice] 1#1: signal 17 (SIGCHLD) received from 32
2025/03/15 14:49:40 [notice] 1#1: worker process 30 exited with code 0
2025/03/15 14:49:40 [notice] 1#1: worker process 32 exited with code 0
2025/03/15 14:49:40 [notice] 1#1: worker process 33 exited with code 0
2025/03/15 14:49:40 [notice] 1#1: worker process 34 exited with code 0
2025/03/15 14:49:40 [notice] 1#1: worker process 40 exited with code 0
2025/03/15 14:49:40 [notice] 1#1: signal 29 (SIGIO) received
2025/03/15 14:49:40 [notice] 1#1: signal 17 (SIGCHLD) received from 30
2025/03/15 14:49:40 [notice] 1#1: signal 17 (SIGCHLD) received from 29
2025/03/15 14:49:40 [notice] 1#1: worker process 29 exited with code 0
2025/03/15 14:49:40 [notice] 1#1: worker process 37 exited with code 0
2025/03/15 14:49:40 [notice] 1#1: exit
2025/03/15 14:49:40 [notice] 1#1: using the "epoll" event method
2025/03/15 14:49:40 [notice] 1#1: nginx/1.27.4
2025/03/15 14:49:40 [notice] 1#1: built by gcc 14.2.0 (Alpine 14.2.0) 
2025/03/15 14:49:40 [notice] 1#1: OS: Linux 6.12.5-linuxkit
2025/03/15 14:49:40 [notice] 1#1: getrlimit(RLIMIT_NOFILE): 1048576:1048576
2025/03/15 14:49:40 [notice] 1#1: start worker processes
2025/03/15 14:49:40 [notice] 1#1: start worker process 29
2025/03/15 14:49:40 [notice] 1#1: start worker process 30
2025/03/15 14:49:40 [notice] 1#1: start worker process 31
2025/03/15 14:49:40 [notice] 1#1: start worker process 32
2025/03/15 14:49:40 [notice] 1#1: start worker process 33
2025/03/15 14:49:40 [notice] 1#1: start worker process 34
2025/03/15 14:49:40 [notice] 1#1: start worker process 35
2025/03/15 14:49:40 [notice] 1#1: start worker process 36
2025/03/15 14:49:40 [notice] 1#1: start worker process 37
2025/03/15 14:49:40 [notice] 1#1: start worker process 38
2025/03/15 14:49:40 [notice] 1#1: start worker process 39
2025/03/15 14:49:40 [notice] 1#1: start worker process 40
2025/03/15 22:26:36 [notice] 1#1: using the "epoll" event method
2025/03/15 22:26:36 [notice] 1#1: nginx/1.27.4
2025/03/15 22:26:36 [notice] 1#1: built by gcc 14.2.0 (Alpine 14.2.0) 
2025/03/15 22:26:36 [notice] 1#1: OS: Linux 6.12.5-linuxkit
2025/03/15 22:26:36 [notice] 1#1: getrlimit(RLIMIT_NOFILE): 1048576:1048576
2025/03/15 22:26:36 [notice] 1#1: start worker processes
2025/03/15 22:26:36 [notice] 1#1: start worker process 29
2025/03/15 22:26:36 [notice] 1#1: start worker process 30
2025/03/15 22:26:36 [notice] 1#1: start worker process 31
2025/03/15 22:26:36 [notice] 1#1: start worker process 32
2025/03/15 22:26:36 [notice] 1#1: start worker process 33
2025/03/15 22:26:36 [notice] 1#1: start worker process 34
2025/03/15 22:26:36 [notice] 1#1: start worker process 35
2025/03/15 22:26:36 [notice] 1#1: start worker process 36
2025/03/15 22:26:36 [notice] 1#1: start worker process 37
2025/03/15 22:26:36 [notice] 1#1: start worker process 38
2025/03/15 22:26:36 [notice] 1#1: start worker process 39
2025/03/15 22:26:36 [notice] 1#1: start worker process 40
2025/03/15 22:48:38 [notice] 1#1: signal 3 (SIGQUIT) received, shutting down
2025/03/15 22:48:38 [notice] 29#29: gracefully shutting down
2025/03/15 22:48:38 [notice] 31#31: gracefully shutting down
2025/03/15 22:48:38 [notice] 30#30: gracefully shutting down
2025/03/15 22:48:38 [notice] 33#33: gracefully shutting down
2025/03/15 22:48:38 [notice] 32#32: gracefully shutting down
2025/03/15 22:48:38 [notice] 35#35: gracefully shutting down
2025/03/15 22:48:38 [notice] 34#34: gracefully shutting down
2025/03/15 22:48:38 [notice] 39#39: gracefully shutting down
2025/03/15 22:48:38 [notice] 38#38: gracefully shutting down
2025/03/15 22:48:38 [notice] 36#36: gracefully shutting down
2025/03/15 22:48:38 [notice] 37#37: gracefully shutting down
2025/03/15 22:48:38 [notice] 40#40: gracefully shutting down
2025/03/15 22:48:38 [notice] 29#29: exiting
2025/03/15 22:48:38 [notice] 40#40: exiting
2025/03/15 22:48:38 [notice] 31#31: exiting
2025/03/15 22:48:38 [notice] 40#40: exit
2025/03/15 22:48:38 [notice] 30#30: exiting
2025/03/15 22:48:38 [notice] 33#33: exiting
2025/03/15 22:48:38 [notice] 32#32: exiting
2025/03/15 22:48:38 [notice] 35#35: exiting
2025/03/15 22:48:38 [notice] 34#34: exiting
2025/03/15 22:48:38 [notice] 39#39: exiting
2025/03/15 22:48:38 [notice] 38#38: exiting
2025/03/15 22:48:38 [notice] 36#36: exiting
2025/03/15 22:48:38 [notice] 37#37: exiting
2025/03/15 22:48:38 [notice] 29#29: exit
2025/03/15 22:48:38 [notice] 31#31: exit
2025/03/15 22:48:38 [notice] 30#30: exit
2025/03/15 22:48:38 [notice] 33#33: exit
2025/03/15 22:48:38 [notice] 32#32: exit
2025/03/15 22:48:38 [notice] 35#35: exit
2025/03/15 22:48:38 [notice] 34#34: exit
2025/03/15 22:48:38 [notice] 39#39: exit
2025/03/15 22:48:38 [notice] 38#38: exit
2025/03/15 22:48:38 [notice] 36#36: exit
2025/03/15 22:48:38 [notice] 37#37: exit
2025/03/15 22:48:38 [notice] 1#1: signal 17 (SIGCHLD) received from 33
2025/03/15 22:48:38 [notice] 1#1: worker process 29 exited with code 0
2025/03/15 22:48:38 [notice] 1#1: worker process 33 exited with code 0
2025/03/15 22:48:38 [notice] 1#1: signal 29 (SIGIO) received
2025/03/15 22:48:38 [notice] 1#1: signal 17 (SIGCHLD) received from 29
2025/03/15 22:48:38 [notice] 1#1: signal 17 (SIGCHLD) received from 37
2025/03/15 22:48:38 [notice] 1#1: worker process 37 exited with code 0
2025/03/15 22:48:38 [notice] 1#1: signal 29 (SIGIO) received
2025/03/15 22:48:38 [notice] 1#1: signal 17 (SIGCHLD) received from 32
2025/03/15 22:48:38 [notice] 1#1: worker process 30 exited with code 0
2025/03/15 22:48:38 [notice] 1#1: worker process 31 exited with code 0
2025/03/15 22:48:38 [notice] 1#1: worker process 32 exited with code 0
2025/03/15 22:48:38 [notice] 1#1: worker process 34 exited with code 0
2025/03/15 22:48:38 [notice] 1#1: worker process 35 exited with code 0
2025/03/15 22:48:38 [notice] 1#1: worker process 36 exited with code 0
2025/03/15 22:48:38 [notice] 1#1: worker process 38 exited with code 0
2025/03/15 22:48:38 [notice] 1#1: worker process 39 exited with code 0
2025/03/15 22:48:38 [notice] 1#1: worker process 40 exited with code 0
2025/03/15 22:48:38 [notice] 1#1: exit
2025/03/15 22:52:25 [notice] 1#1: using the "epoll" event method
2025/03/15 22:52:25 [notice] 1#1: nginx/1.27.4
2025/03/15 22:52:25 [notice] 1#1: built by gcc 14.2.0 (Alpine 14.2.0) 
2025/03/15 22:52:25 [notice] 1#1: OS: Linux 6.12.5-linuxkit
2025/03/15 22:52:25 [notice] 1#1: getrlimit(RLIMIT_NOFILE): 1048576:1048576
2025/03/15 22:52:25 [notice] 1#1: start worker processes
2025/03/15 22:52:25 [notice] 1#1: start worker process 29
2025/03/15 22:52:25 [notice] 1#1: start worker process 30
2025/03/15 22:52:25 [notice] 1#1: start worker process 31
2025/03/15 22:52:25 [notice] 1#1: start worker process 32
2025/03/15 22:52:25 [notice] 1#1: start worker process 33
2025/03/15 22:52:25 [notice] 1#1: start worker process 34
2025/03/15 22:52:25 [notice] 1#1: start worker process 35
2025/03/15 22:52:25 [notice] 1#1: start worker process 36
2025/03/15 22:52:25 [notice] 1#1: start worker process 37
2025/03/15 22:52:25 [notice] 1#1: start worker process 38
2025/03/15 22:52:25 [notice] 1#1: start worker process 39
2025/03/15 22:52:25 [notice] 1#1: start worker process 40
